
**** Rebuild of configuration Release for project QuadIMU_NB1_v2.6 ****

**** Internal Builder is used for build               ****
comphtml ../html -ohtmldata.cpp
Reading files from ../html and compressing them into htmldata.cpp
Ignoring files and directories: CVS, cvs, .SVN, .svn, .git, .GIT
MIME_file: C:\nburn/pcbin/MIME_magic.txt

Building MIME list..... Done
Processing /index.htm 83 bytes
Result counts = 73 total_ends :37
39 bytes out of 66 original encode out of 83 total original 
Processing /index.htm 83 bytes
m68k-elf-g++ -O2 -falign-functions=4 -IC:\nburn/include -IC:\nburn/MOD5441X/include -IC:\nburn/gcc-m68k/m68k-elf/include -IC:\Users\IRL\Desktop\Tanmay_GitRepo\Netburner_Codes\QuadIMU_NB1_v2.6 -gdwarf-2 -Wall -Wno-write-strings -c -fmessage-length=0 -fno-rtti -fno-exceptions -mcpu=5206e -DMOD5441X -DMCF5441X -o htmldata.o htmldata.cpp
m68k-elf-g++ -O2 -falign-functions=4 -IC:\nburn/include -IC:\nburn/MOD5441X/include -IC:\nburn/gcc-m68k/m68k-elf/include -IC:\Users\IRL\Desktop\Tanmay_GitRepo\Netburner_Codes\QuadIMU_NB1_v2.6 -gdwarf-2 -Wall -Wno-write-strings -c -fmessage-length=0 -fno-rtti -fno-exceptions -mcpu=5206e -DMOD5441X -DMCF5441X -o QuadIMU_NB1_v2.6.o ..\QuadIMU_NB1_v2.6.cpp
m68k-elf-g++ QuadIMU_NB1_v2.6.o htmldata.o -Wl,-Map=QuadIMU_NB1_v2.6.map -mcpu=5206e -Wl -Wl,-n -TC:\nburn/MOD5441X/lib/MOD5441X.ld -Wl,-RC:\nburn/MOD5441X/lib/sys.ld -Wl,--start-group,C:\nburn/lib/MOD5441X.a C:\nburn/lib/NetBurner.a C:\nburn/lib/FatFile.a C:\nburn\lib\debugLibrary.a C:\nburn\lib\Lua_Full.a -Wl,--end-group -oQuadIMU_NB1_v2.6.elf
m68k-elf-objcopy QuadIMU_NB1_v2.6.elf --strip-all --output-target=srec QuadIMU_NB1_v2.6.s19
compcode QuadIMU_NB1_v2.6.s19 QuadIMU_NB1_v2.6_APP.s19 -R 0xC0040000 0xC2000000 -PMOD5441X
Block starts at 40000400 
Block ends at 400297e4 
Block size= 164K
Execution starts at 40000400 
compressed 168932 bytes into 100600 bytes
Code CheckSum= 4bffdc46
Struct CheckSum= 7651512c
S records output with a base address of c0040000
S records output with a final address of c0058910
About to write S7...
******************************Build summary ******************************
Used 100624 bytes of 33292288 available flash (0.30%)
Used 641464 bytes of 67108095 available ram (0.96%)
NNDK release tag version:2.6.4
Build complete for project QuadIMU_NB1_v2.6
Time consumed: 1297  ms.  

**** Rebuild of configuration Release for project QuadIMU_NB1_v2.7 ****

**** Internal Builder is used for build               ****
comphtml ../html -ohtmldata.cpp
Reading files from ../html and compressing them into htmldata.cpp
Ignoring files and directories: CVS, cvs, .SVN, .svn, .git, .GIT
MIME_file: C:\nburn/pcbin/MIME_magic.txt

Building MIME list..... Done
Processing /index.htm 83 bytes
Result counts = 73 total_ends :37
39 bytes out of 66 original encode out of 83 total original 
Processing /index.htm 83 bytes
m68k-elf-g++ -O2 -falign-functions=4 -IC:\nburn/include -IC:\nburn/MOD5441X/include -IC:\nburn/gcc-m68k/m68k-elf/include -IC:\Users\IRL\Desktop\Tanmay_GitRepo\Netburner_Codes\QuadIMU_NB1_v2.7 -gdwarf-2 -Wall -Wno-write-strings -c -fmessage-length=0 -fno-rtti -fno-exceptions -mcpu=5206e -DMOD5441X -DMCF5441X -o htmldata.o htmldata.cpp
m68k-elf-g++ -O2 -falign-functions=4 -IC:\nburn/include -IC:\nburn/MOD5441X/include -IC:\nburn/gcc-m68k/m68k-elf/include -IC:\Users\IRL\Desktop\Tanmay_GitRepo\Netburner_Codes\QuadIMU_NB1_v2.7 -gdwarf-2 -Wall -Wno-write-strings -c -fmessage-length=0 -fno-rtti -fno-exceptions -mcpu=5206e -DMOD5441X -DMCF5441X -o QuadIMU_NB1_v2.7.o ..\QuadIMU_NB1_v2.7.cpp
m68k-elf-g++ QuadIMU_NB1_v2.7.o htmldata.o -Wl,-Map=QuadIMU_NB1_v2.7.map -mcpu=5206e -Wl -Wl,-n -TC:\nburn/MOD5441X/lib/MOD5441X.ld -Wl,-RC:\nburn/MOD5441X/lib/sys.ld -Wl,--start-group,C:\nburn/lib/MOD5441X.a C:\nburn/lib/NetBurner.a C:\nburn/lib/FatFile.a C:\nburn\lib\debugLibrary.a C:\nburn\lib\Lua_Full.a -Wl,--end-group -oQuadIMU_NB1_v2.7.elf
m68k-elf-objcopy QuadIMU_NB1_v2.7.elf --strip-all --output-target=srec QuadIMU_NB1_v2.7.s19
compcode QuadIMU_NB1_v2.7.s19 QuadIMU_NB1_v2.7_APP.s19 -R 0xC0040000 0xC2000000 -PMOD5441X
Block starts at 40000400 
Block ends at 40029864 
Block size= 165K
Execution starts at 40000400 
compressed 169060 bytes into 100607 bytes
Code CheckSum= e4ea2150
Struct CheckSum= dd670b9b
S records output with a base address of c0040000
S records output with a final address of c0058917
About to write S7...
******************************Build summary ******************************
Used 100631 bytes of 33292288 available flash (0.30%)
Used 641592 bytes of 67108095 available ram (0.96%)
NNDK release tag version:2.6.4
Build complete for project QuadIMU_NB1_v2.7
Time consumed: 1375  ms.  

**** Rebuild of configuration Release for project QuadIMU_NB1_ver2.5 ****

**** Internal Builder is used for build               ****
m68k-elf-g++ -O2 -falign-functions=4 -IC:\nburn/include -IC:\nburn/MOD5441X/include -IC:\nburn/gcc-m68k/m68k-elf/include -IC:\Users\IRL\Desktop\Tanmay_GitRepo\Netburner_Codes\QuadIMU_NB1_ver2.5 -gdwarf-2 -Wall -Wno-write-strings -c -fmessage-length=0 -fno-rtti -fno-exceptions -mcpu=5206e -DMOD5441X -DMCF5441X -o QuadIMU_NB1_ver2.5.o ..\QuadIMU_NB1_ver2.5.cpp
m68k-elf-g++ QuadIMU_NB1_ver2.5.o -Wl,-Map=QuadIMU_NB1_ver2.5.map -mcpu=5206e -Wl -Wl,-n -TC:\nburn/MOD5441X/lib/MOD5441X.ld -Wl,-RC:\nburn/MOD5441X/lib/sys.ld -Wl,--start-group,C:\nburn/lib/MOD5441X.a C:\nburn/lib/NetBurner.a C:\nburn/lib/FatFile.a C:\nburn\lib\debugLibrary.a C:\nburn\lib\Lua_Full.a -Wl,--end-group -oQuadIMU_NB1_ver2.5.elf
m68k-elf-objcopy QuadIMU_NB1_ver2.5.elf --strip-all --output-target=srec QuadIMU_NB1_ver2.5.s19
compcode QuadIMU_NB1_ver2.5.s19 QuadIMU_NB1_ver2.5_APP.s19 -R 0xC0040000 0xC2000000 -PMOD5441X
Block starts at 40000400 
Block ends at 40029394 
Block size= 163K
Execution starts at 40000400 
compressed 167828 bytes into 99643 bytes
Code CheckSum= a4ff5faf
Struct CheckSum= 1d51d5d0
S records output with a base address of c0040000
S records output with a final address of c0058553
About to write S7...
******************************Build summary ******************************
Used 99667 bytes of 33292288 available flash (0.30%)
Used 640360 bytes of 67108095 available ram (0.95%)
NNDK release tag version:2.6.4
Build complete for project QuadIMU_NB1_ver2.5
Time consumed: 1000  ms.  

**** Rebuild of configuration Release for project QuadIMU_NB2_v3 ****

**** Internal Builder is used for build               ****
comphtml ../html -ohtmldata.cpp
Reading files from ../html and compressing them into htmldata.cpp
Ignoring files and directories: CVS, cvs, .SVN, .svn, .git, .GIT
MIME_file: C:\nburn/pcbin/MIME_magic.txt

Building MIME list..... Done
Processing /index.htm 81 bytes
Result counts = 73 total_ends :37
39 bytes out of 64 original encode out of 81 total original 
Processing /index.htm 81 bytes
m68k-elf-g++ -O2 -falign-functions=4 -IC:\nburn/include -IC:\nburn/MOD5441X/include -IC:\nburn/gcc-m68k/m68k-elf/include -IC:\Users\IRL\Desktop\Tanmay_GitRepo\Netburner_Codes\QuadIMU_NB2_v3 -gdwarf-2 -Wall -Wno-write-strings -c -fmessage-length=0 -fno-rtti -fno-exceptions -mcpu=5206e -DMOD5441X -DMCF5441X -o htmldata.o htmldata.cpp
m68k-elf-g++ -O2 -falign-functions=4 -IC:\nburn/include -IC:\nburn/MOD5441X/include -IC:\nburn/gcc-m68k/m68k-elf/include -IC:\Users\IRL\Desktop\Tanmay_GitRepo\Netburner_Codes\QuadIMU_NB2_v3 -gdwarf-2 -Wall -Wno-write-strings -c -fmessage-length=0 -fno-rtti -fno-exceptions -mcpu=5206e -DMOD5441X -DMCF5441X -o QUadIMU_NB2_v3.o ..\QUadIMU_NB2_v3.cpp
m68k-elf-g++ QUadIMU_NB2_v3.o htmldata.o -Wl,-Map=QuadIMU_NB2_v3.map -mcpu=5206e -Wl -Wl,-n -TC:\nburn/MOD5441X/lib/MOD5441X.ld -Wl,-RC:\nburn/MOD5441X/lib/sys.ld -Wl,--start-group,C:\nburn/lib/MOD5441X.a C:\nburn/lib/NetBurner.a C:\nburn/lib/FatFile.a C:\nburn\lib\debugLibrary.a C:\nburn\lib\Lua_Full.a -Wl,--end-group -oQuadIMU_NB2_v3.elf
m68k-elf-objcopy QuadIMU_NB2_v3.elf --strip-all --output-target=srec QuadIMU_NB2_v3.s19
compcode QuadIMU_NB2_v3.s19 QuadIMU_NB2_v3_APP.s19 -R 0xC0040000 0xC2000000 -PMOD5441X
Block starts at 40000400 
Block ends at 40029c74 
Block size= 166K
Execution starts at 40000400 
compressed 170100 bytes into 101152 bytes
Code CheckSum= 892f5a66
Struct CheckSum= 3921cc54
S records output with a base address of c0040000
S records output with a final address of c0058b38
About to write S7...
******************************Build summary ******************************
Used 101176 bytes of 33292288 available flash (0.30%)
Used 650856 bytes of 67108095 available ram (0.97%)
NNDK release tag version:2.6.4
Build complete for project QuadIMU_NB2_v3
Time consumed: 1344  ms.  

**** Rebuild of configuration Release for project QuadIMU_NB2_ver2 ****

**** Internal Builder is used for build               ****
m68k-elf-g++ -O2 -falign-functions=4 -IC:\nburn/include -IC:\nburn/MOD5441X/include -IC:\nburn/gcc-m68k/m68k-elf/include -IC:\Users\IRL\Desktop\Tanmay_GitRepo\Netburner_Codes\QuadIMU_NB2_ver2 -gdwarf-2 -Wall -Wno-write-strings -c -fmessage-length=0 -fno-rtti -fno-exceptions -mcpu=5206e -DMOD5441X -DMCF5441X -o QuadIMU_NB2_ver2.o ..\QuadIMU_NB2_ver2.cpp
m68k-elf-g++ -O2 -falign-functions=4 -IC:\nburn/include -IC:\nburn/MOD5441X/include -IC:\nburn/gcc-m68k/m68k-elf/include -IC:\Users\IRL\Desktop\Tanmay_GitRepo\Netburner_Codes\QuadIMU_NB2_ver2 -gdwarf-2 -Wall -Wno-write-strings -c -fmessage-length=0 -fno-rtti -fno-exceptions -mcpu=5206e -DMOD5441X -DMCF5441X -o QUADIMU_NB2_initPINS.o ..\QUADIMU_NB2_initPINS.cpp
m68k-elf-g++ QuadIMU_NB2_ver2.o QUADIMU_NB2_initPINS.o -Wl,-Map=QuadIMU_NB2_ver2.map -mcpu=5206e -Wl -Wl,-n -TC:\nburn/MOD5441X/lib/MOD5441X.ld -Wl,-RC:\nburn/MOD5441X/lib/sys.ld -Wl,--start-group,C:\nburn/lib/MOD5441X.a C:\nburn/lib/NetBurner.a C:\nburn/lib/FatFile.a C:\nburn\lib\debugLibrary.a C:\nburn\lib\Lua_Full.a -Wl,--end-group -oQuadIMU_NB2_ver2.elf
m68k-elf-objcopy QuadIMU_NB2_ver2.elf --strip-all --output-target=srec QuadIMU_NB2_ver2.s19
compcode QuadIMU_NB2_ver2.s19 QuadIMU_NB2_ver2_APP.s19 -R 0xC0040000 0xC2000000 -PMOD5441X
Block starts at 40000400 
Block ends at 400297f4 
Block size= 164K
Execution starts at 40000400 
compressed 168948 bytes into 100262 bytes
Code CheckSum= eb6cfcd3
Struct CheckSum= d6e431e1
S records output with a base address of c0040000
S records output with a final address of c00587be
About to write S7...
******************************Build summary ******************************
Used 100286 bytes of 33292288 available flash (0.30%)
Used 649704 bytes of 67108095 available ram (0.97%)
NNDK release tag version:2.6.4
Build complete for project QuadIMU_NB2_ver2
Time consumed: 1266  ms.  

**** Rebuild of configuration Release for project Sensor_Interface_Board ****

**** Internal Builder is used for build               ****
m68k-elf-g++ -O2 -falign-functions=4 -IC:\nburn/include -IC:\nburn/MOD5441X/include -IC:\nburn/gcc-m68k/m68k-elf/include -IC:\Users\IRL\Desktop\Tanmay_GitRepo\Netburner_Codes\Sensor_Interface_Board -gdwarf-2 -Wall -Wno-write-strings -c -fmessage-length=0 -fno-rtti -fno-exceptions -mcpu=5206e -DMOD5441X -DMCF5441X -o Sensor_Interface_Board_v7.o ..\Sensor_Interface_Board_v7.cpp
m68k-elf-g++ -O2 -falign-functions=4 -IC:\nburn/include -IC:\nburn/MOD5441X/include -IC:\nburn/gcc-m68k/m68k-elf/include -IC:\Users\IRL\Desktop\Tanmay_GitRepo\Netburner_Codes\Sensor_Interface_Board -gdwarf-2 -Wall -Wno-write-strings -c -fmessage-length=0 -fno-rtti -fno-exceptions -mcpu=5206e -DMOD5441X -DMCF5441X -o SIB_SendtoNAVCOMP.o ..\SIB_SendtoNAVCOMP.cpp
m68k-elf-g++ -O2 -falign-functions=4 -IC:\nburn/include -IC:\nburn/MOD5441X/include -IC:\nburn/gcc-m68k/m68k-elf/include -IC:\Users\IRL\Desktop\Tanmay_GitRepo\Netburner_Codes\Sensor_Interface_Board -gdwarf-2 -Wall -Wno-write-strings -c -fmessage-length=0 -fno-rtti -fno-exceptions -mcpu=5206e -DMOD5441X -DMCF5441X -o Ranging_Radio.o ..\Ranging_Radio.cpp
m68k-elf-g++ -O2 -falign-functions=4 -IC:\nburn/include -IC:\nburn/MOD5441X/include -IC:\nburn/gcc-m68k/m68k-elf/include -IC:\Users\IRL\Desktop\Tanmay_GitRepo\Netburner_Codes\Sensor_Interface_Board -gdwarf-2 -Wall -Wno-write-strings -c -fmessage-length=0 -fno-rtti -fno-exceptions -mcpu=5206e -DMOD5441X -DMCF5441X -o Laser_rangefinder.o ..\Laser_rangefinder.cpp
m68k-elf-g++ -O2 -falign-functions=4 -IC:\nburn/include -IC:\nburn/MOD5441X/include -IC:\nburn/gcc-m68k/m68k-elf/include -IC:\Users\IRL\Desktop\Tanmay_GitRepo\Netburner_Codes\Sensor_Interface_Board -gdwarf-2 -Wall -Wno-write-strings -c -fmessage-length=0 -fno-rtti -fno-exceptions -mcpu=5206e -DMOD5441X -DMCF5441X -o SIB_initPINS.o ..\SIB_initPINS.cpp
m68k-elf-g++ Sensor_Interface_Board_v7.o SIB_initPINS.o SIB_SendtoNAVCOMP.o Ranging_Radio.o Laser_rangefinder.o -Wl,-Map=Sensor_Interface_Board.map -mcpu=5206e -Wl -Wl,-n -TC:\nburn/MOD5441X/lib/MOD5441X.ld -Wl,-RC:\nburn/MOD5441X/lib/sys.ld -Wl,--start-group,C:\nburn/lib/MOD5441X.a C:\nburn/lib/NetBurner.a C:\nburn/lib/FatFile.a C:\nburn\lib\debugLibrary.a C:\nburn\lib\Lua_Full.a -Wl,--end-group -oSensor_Interface_Board.elf
m68k-elf-objcopy Sensor_Interface_Board.elf --strip-all --output-target=srec Sensor_Interface_Board.s19
compcode Sensor_Interface_Board.s19 Sensor_Interface_Board_APP.s19 -R 0xC0040000 0xC2000000 -PMOD5441X
Block starts at 40000400 
Block ends at 4002cd94 
Block size= 178K
Execution starts at 40000400 
compressed 182676 bytes into 109393 bytes
Code CheckSum= 9fbdc161
Struct CheckSum= 22931408
S records output with a base address of c0040000
S records output with a final address of c005ab69
About to write S7...
******************************Build summary ******************************
Used 109417 bytes of 33292288 available flash (0.33%)
Used 663768 bytes of 67108095 available ram (0.99%)
NNDK release tag version:2.6.4
Build complete for project Sensor_Interface_Board
Time consumed: 2312  ms.  

**** Build of configuration Release for project QuadIMU_NB2_v3 ****

**** Internal Builder is used for build               ****
m68k-elf-g++ -O2 -falign-functions=4 -IC:\nburn/include -IC:\nburn/MOD5441X/include -IC:\nburn/gcc-m68k/m68k-elf/include -IC:\Users\IRL\Desktop\Tanmay_GitRepo\Netburner_Codes\QuadIMU_NB2_v3 -gdwarf-2 -Wall -Wno-write-strings -c -fmessage-length=0 -fno-rtti -fno-exceptions -mcpu=5206e -DMOD5441X -DMCF5441X -o QUadIMU_NB2_v3.o ..\QUadIMU_NB2_v3.cpp
m68k-elf-g++ QUadIMU_NB2_v3.o htmldata.o -Wl,-Map=QuadIMU_NB2_v3.map -mcpu=5206e -Wl -Wl,-n -TC:\nburn/MOD5441X/lib/MOD5441X.ld -Wl,-RC:\nburn/MOD5441X/lib/sys.ld -Wl,--start-group,C:\nburn/lib/MOD5441X.a C:\nburn/lib/NetBurner.a C:\nburn/lib/FatFile.a C:\nburn\lib\debugLibrary.a C:\nburn\lib\Lua_Full.a -Wl,--end-group -oQuadIMU_NB2_v3.elf
m68k-elf-objcopy QuadIMU_NB2_v3.elf --strip-all --output-target=srec QuadIMU_NB2_v3.s19
compcode QuadIMU_NB2_v3.s19 QuadIMU_NB2_v3_APP.s19 -R 0xC0040000 0xC2000000 -PMOD5441X
Block starts at 40000400 
Block ends at 40029c74 
Block size= 166K
Execution starts at 40000400 
compressed 170100 bytes into 101152 bytes
Code CheckSum= 892f5a66
Struct CheckSum= 3921cc54
S records output with a base address of c0040000
S records output with a final address of c0058b38
About to write S7...
******************************Build summary ******************************
Used 101176 bytes of 33292288 available flash (0.30%)
Used 650856 bytes of 67108095 available ram (0.97%)
NNDK release tag version:2.6.4
Build complete for project QuadIMU_NB2_v3
Time consumed: 891  ms.  

**** Build of configuration Release for project QuadIMU_NB2_v3 ****

**** Internal Builder is used for build               ****
m68k-elf-g++ -O2 -falign-functions=4 -IC:\nburn/include -IC:\nburn/MOD5441X/include -IC:\nburn/gcc-m68k/m68k-elf/include -IC:\Users\IRL\Desktop\Tanmay_GitRepo\Netburner_Codes\QuadIMU_NB2_v3 -gdwarf-2 -Wall -Wno-write-strings -c -fmessage-length=0 -fno-rtti -fno-exceptions -mcpu=5206e -DMOD5441X -DMCF5441X -o QUadIMU_NB2_v3.o ..\QUadIMU_NB2_v3.cpp
m68k-elf-g++ QUadIMU_NB2_v3.o htmldata.o -Wl,-Map=QuadIMU_NB2_v3.map -mcpu=5206e -Wl -Wl,-n -TC:\nburn/MOD5441X/lib/MOD5441X.ld -Wl,-RC:\nburn/MOD5441X/lib/sys.ld -Wl,--start-group,C:\nburn/lib/MOD5441X.a C:\nburn/lib/NetBurner.a C:\nburn/lib/FatFile.a C:\nburn\lib\debugLibrary.a C:\nburn\lib\Lua_Full.a -Wl,--end-group -oQuadIMU_NB2_v3.elf
m68k-elf-objcopy QuadIMU_NB2_v3.elf --strip-all --output-target=srec QuadIMU_NB2_v3.s19
compcode QuadIMU_NB2_v3.s19 QuadIMU_NB2_v3_APP.s19 -R 0xC0040000 0xC2000000 -PMOD5441X
Block starts at 40000400 
Block ends at 40029c74 
Block size= 166K
Execution starts at 40000400 
compressed 170100 bytes into 101152 bytes
Code CheckSum= 892f5a66
Struct CheckSum= 3921cc54
S records output with a base address of c0040000
S records output with a final address of c0058b38
About to write S7...
******************************Build summary ******************************
Used 101176 bytes of 33292288 available flash (0.30%)
Used 650856 bytes of 67108095 available ram (0.97%)
NNDK release tag version:2.6.4
Build complete for project QuadIMU_NB2_v3
Time consumed: 891  ms.  

**** Build of configuration Release for project QuadIMU_NB2_v3 ****

**** Internal Builder is used for build               ****
m68k-elf-g++ -O2 -falign-functions=4 -IC:\nburn/include -IC:\nburn/MOD5441X/include -IC:\nburn/gcc-m68k/m68k-elf/include -IC:\Users\IRL\Desktop\Tanmay_GitRepo\Netburner_Codes\QuadIMU_NB2_v3 -gdwarf-2 -Wall -Wno-write-strings -c -fmessage-length=0 -fno-rtti -fno-exceptions -mcpu=5206e -DMOD5441X -DMCF5441X -o QUadIMU_NB2_v3.o ..\QUadIMU_NB2_v3.cpp
m68k-elf-g++ QUadIMU_NB2_v3.o htmldata.o -Wl,-Map=QuadIMU_NB2_v3.map -mcpu=5206e -Wl -Wl,-n -TC:\nburn/MOD5441X/lib/MOD5441X.ld -Wl,-RC:\nburn/MOD5441X/lib/sys.ld -Wl,--start-group,C:\nburn/lib/MOD5441X.a C:\nburn/lib/NetBurner.a C:\nburn/lib/FatFile.a C:\nburn\lib\debugLibrary.a C:\nburn\lib\Lua_Full.a -Wl,--end-group -oQuadIMU_NB2_v3.elf
m68k-elf-objcopy QuadIMU_NB2_v3.elf --strip-all --output-target=srec QuadIMU_NB2_v3.s19
compcode QuadIMU_NB2_v3.s19 QuadIMU_NB2_v3_APP.s19 -R 0xC0040000 0xC2000000 -PMOD5441X
Block starts at 40000400 
Block ends at 40029c84 
Block size= 166K
Execution starts at 40000400 
compressed 170116 bytes into 101100 bytes
Code CheckSum= dbd9cab6
Struct CheckSum= e6775c28
S records output with a base address of c0040000
S records output with a final address of c0058b04
About to write S7...
******************************Build summary ******************************
Used 101124 bytes of 33292288 available flash (0.30%)
Used 650872 bytes of 67108095 available ram (0.97%)
NNDK release tag version:2.6.4
Build complete for project QuadIMU_NB2_v3
Time consumed: 922  ms.  

**** Build of configuration Release for project QuadIMU_NB2_v3 ****

**** Internal Builder is used for build               ****
m68k-elf-g++ -O2 -falign-functions=4 -IC:\nburn/include -IC:\nburn/MOD5441X/include -IC:\nburn/gcc-m68k/m68k-elf/include -IC:\Users\IRL\Desktop\Tanmay_GitRepo\Netburner_Codes\QuadIMU_NB2_v3 -gdwarf-2 -Wall -Wno-write-strings -c -fmessage-length=0 -fno-rtti -fno-exceptions -mcpu=5206e -DMOD5441X -DMCF5441X -o QUadIMU_NB2_v3.o ..\QUadIMU_NB2_v3.cpp
m68k-elf-g++ QUadIMU_NB2_v3.o htmldata.o -Wl,-Map=QuadIMU_NB2_v3.map -mcpu=5206e -Wl -Wl,-n -TC:\nburn/MOD5441X/lib/MOD5441X.ld -Wl,-RC:\nburn/MOD5441X/lib/sys.ld -Wl,--start-group,C:\nburn/lib/MOD5441X.a C:\nburn/lib/NetBurner.a C:\nburn/lib/FatFile.a C:\nburn\lib\debugLibrary.a C:\nburn\lib\Lua_Full.a -Wl,--end-group -oQuadIMU_NB2_v3.elf
m68k-elf-objcopy QuadIMU_NB2_v3.elf --strip-all --output-target=srec QuadIMU_NB2_v3.s19
compcode QuadIMU_NB2_v3.s19 QuadIMU_NB2_v3_APP.s19 -R 0xC0040000 0xC2000000 -PMOD5441X
Block starts at 40000400 
Block ends at 40029d54 
Block size= 166K
Execution starts at 40000400 
compressed 170324 bytes into 101261 bytes
Code CheckSum= 20338dfb
Struct CheckSum= a21d9772
S records output with a base address of c0040000
S records output with a final address of c0058ba5
About to write S7...
******************************Build summary ******************************
Used 101285 bytes of 33292288 available flash (0.30%)
Used 651080 bytes of 67108095 available ram (0.97%)
NNDK release tag version:2.6.4
Build complete for project QuadIMU_NB2_v3
Time consumed: 954  ms.  

**** Build of configuration Release for project QuadIMU_NB2_v3 ****

**** Internal Builder is used for build               ****
m68k-elf-g++ -O2 -falign-functions=4 -IC:\nburn/include -IC:\nburn/MOD5441X/include -IC:\nburn/gcc-m68k/m68k-elf/include -IC:\Users\IRL\Desktop\Tanmay_GitRepo\Netburner_Codes\QuadIMU_NB2_v3 -gdwarf-2 -Wall -Wno-write-strings -c -fmessage-length=0 -fno-rtti -fno-exceptions -mcpu=5206e -DMOD5441X -DMCF5441X -o QUadIMU_NB2_v3.o ..\QUadIMU_NB2_v3.cpp
m68k-elf-g++ QUadIMU_NB2_v3.o htmldata.o -Wl,-Map=QuadIMU_NB2_v3.map -mcpu=5206e -Wl -Wl,-n -TC:\nburn/MOD5441X/lib/MOD5441X.ld -Wl,-RC:\nburn/MOD5441X/lib/sys.ld -Wl,--start-group,C:\nburn/lib/MOD5441X.a C:\nburn/lib/NetBurner.a C:\nburn/lib/FatFile.a C:\nburn\lib\debugLibrary.a C:\nburn\lib\Lua_Full.a -Wl,--end-group -oQuadIMU_NB2_v3.elf
m68k-elf-objcopy QuadIMU_NB2_v3.elf --strip-all --output-target=srec QuadIMU_NB2_v3.s19
compcode QuadIMU_NB2_v3.s19 QuadIMU_NB2_v3_APP.s19 -R 0xC0040000 0xC2000000 -PMOD5441X
Block starts at 40000400 
Block ends at 40029d54 
Block size= 166K
Execution starts at 40000400 
compressed 170324 bytes into 101261 bytes
Code CheckSum= 20338dfb
Struct CheckSum= a21d9772
S records output with a base address of c0040000
S records output with a final address of c0058ba5
About to write S7...
******************************Build summary ******************************
Used 101285 bytes of 33292288 available flash (0.30%)
Used 651080 bytes of 67108095 available ram (0.97%)
NNDK release tag version:2.6.4
Build complete for project QuadIMU_NB2_v3
Time consumed: 859  ms.  

**** Build of configuration Release for project Sensor_Interface_Board ****

**** Internal Builder is used for build               ****
m68k-elf-g++ -O2 -falign-functions=4 -IC:\nburn/include -IC:\nburn/MOD5441X/include -IC:\nburn/gcc-m68k/m68k-elf/include -IC:\Users\IRL\Desktop\Tanmay_GitRepo\Netburner_Codes\Sensor_Interface_Board -gdwarf-2 -Wall -Wno-write-strings -c -fmessage-length=0 -fno-rtti -fno-exceptions -mcpu=5206e -DMOD5441X -DMCF5441X -o Sensor_Interface_Board_v7.o ..\Sensor_Interface_Board_v7.cpp
m68k-elf-g++ Sensor_Interface_Board_v7.o SIB_initPINS.o SIB_SendtoNAVCOMP.o Ranging_Radio.o Laser_rangefinder.o -Wl,-Map=Sensor_Interface_Board.map -mcpu=5206e -Wl -Wl,-n -TC:\nburn/MOD5441X/lib/MOD5441X.ld -Wl,-RC:\nburn/MOD5441X/lib/sys.ld -Wl,--start-group,C:\nburn/lib/MOD5441X.a C:\nburn/lib/NetBurner.a C:\nburn/lib/FatFile.a C:\nburn\lib\debugLibrary.a C:\nburn\lib\Lua_Full.a -Wl,--end-group -oSensor_Interface_Board.elf
m68k-elf-objcopy Sensor_Interface_Board.elf --strip-all --output-target=srec Sensor_Interface_Board.s19
compcode Sensor_Interface_Board.s19 Sensor_Interface_Board_APP.s19 -R 0xC0040000 0xC2000000 -PMOD5441X
Block starts at 40000400 
Block ends at 4002cd94 
Block size= 178K
Execution starts at 40000400 
compressed 182676 bytes into 109402 bytes
Code CheckSum= cb22afa5
Struct CheckSum= f72e25bb
S records output with a base address of c0040000
S records output with a final address of c005ab72
About to write S7...
******************************Build summary ******************************
Used 109426 bytes of 33292288 available flash (0.33%)
Used 663768 bytes of 67108095 available ram (0.99%)
NNDK release tag version:2.6.4
Build complete for project Sensor_Interface_Board
Time consumed: 960  ms.  

**** Build of configuration Release for project Sensor_Interface_Board ****

**** Internal Builder is used for build               ****
m68k-elf-g++ -O2 -falign-functions=4 -IC:\nburn/include -IC:\nburn/MOD5441X/include -IC:\nburn/gcc-m68k/m68k-elf/include -IC:\Users\IRL\Desktop\Tanmay_GitRepo\Netburner_Codes\Sensor_Interface_Board -gdwarf-2 -Wall -Wno-write-strings -c -fmessage-length=0 -fno-rtti -fno-exceptions -mcpu=5206e -DMOD5441X -DMCF5441X -o Sensor_Interface_Board_v7.o ..\Sensor_Interface_Board_v7.cpp
m68k-elf-g++ Sensor_Interface_Board_v7.o SIB_initPINS.o SIB_SendtoNAVCOMP.o Ranging_Radio.o Laser_rangefinder.o -Wl,-Map=Sensor_Interface_Board.map -mcpu=5206e -Wl -Wl,-n -TC:\nburn/MOD5441X/lib/MOD5441X.ld -Wl,-RC:\nburn/MOD5441X/lib/sys.ld -Wl,--start-group,C:\nburn/lib/MOD5441X.a C:\nburn/lib/NetBurner.a C:\nburn/lib/FatFile.a C:\nburn\lib\debugLibrary.a C:\nburn\lib\Lua_Full.a -Wl,--end-group -oSensor_Interface_Board.elf
m68k-elf-objcopy Sensor_Interface_Board.elf --strip-all --output-target=srec Sensor_Interface_Board.s19
compcode Sensor_Interface_Board.s19 Sensor_Interface_Board_APP.s19 -R 0xC0040000 0xC2000000 -PMOD5441X
Block starts at 40000400 
Block ends at 4002cda4 
Block size= 178K
Execution starts at 40000400 
compressed 182692 bytes into 109315 bytes
Code CheckSum= f6293198
Struct CheckSum= cc27a40f
S records output with a base address of c0040000
S records output with a final address of c005ab1b
About to write S7...
******************************Build summary ******************************
Used 109339 bytes of 33292288 available flash (0.33%)
Used 663784 bytes of 67108095 available ram (0.99%)
NNDK release tag version:2.6.4
Build complete for project Sensor_Interface_Board
Time consumed: 999  ms.  

**** Build of configuration Release for project Sensor_Interface_Board ****

**** Internal Builder is used for build               ****
m68k-elf-g++ -O2 -falign-functions=4 -IC:\nburn/include -IC:\nburn/MOD5441X/include -IC:\nburn/gcc-m68k/m68k-elf/include -IC:\Users\IRL\Desktop\Tanmay_GitRepo\Netburner_Codes\Sensor_Interface_Board -gdwarf-2 -Wall -Wno-write-strings -c -fmessage-length=0 -fno-rtti -fno-exceptions -mcpu=5206e -DMOD5441X -DMCF5441X -o Sensor_Interface_Board_v7.o ..\Sensor_Interface_Board_v7.cpp
m68k-elf-g++ Sensor_Interface_Board_v7.o SIB_initPINS.o SIB_SendtoNAVCOMP.o Ranging_Radio.o Laser_rangefinder.o -Wl,-Map=Sensor_Interface_Board.map -mcpu=5206e -Wl -Wl,-n -TC:\nburn/MOD5441X/lib/MOD5441X.ld -Wl,-RC:\nburn/MOD5441X/lib/sys.ld -Wl,--start-group,C:\nburn/lib/MOD5441X.a C:\nburn/lib/NetBurner.a C:\nburn/lib/FatFile.a C:\nburn\lib\debugLibrary.a C:\nburn\lib\Lua_Full.a -Wl,--end-group -oSensor_Interface_Board.elf
m68k-elf-objcopy Sensor_Interface_Board.elf --strip-all --output-target=srec Sensor_Interface_Board.s19
compcode Sensor_Interface_Board.s19 Sensor_Interface_Board_APP.s19 -R 0xC0040000 0xC2000000 -PMOD5441X
Block starts at 40000400 
Block ends at 4002cda4 
Block size= 178K
Execution starts at 40000400 
compressed 182692 bytes into 109315 bytes
Code CheckSum= f6293198
Struct CheckSum= cc27a40f
S records output with a base address of c0040000
S records output with a final address of c005ab1b
About to write S7...
******************************Build summary ******************************
Used 109339 bytes of 33292288 available flash (0.33%)
Used 663784 bytes of 67108095 available ram (0.99%)
NNDK release tag version:2.6.4
Build complete for project Sensor_Interface_Board
Time consumed: 919  ms.  

**** Build of configuration Release for project Sensor_Interface_Board ****

**** Internal Builder is used for build               ****
m68k-elf-g++ -O2 -falign-functions=4 -IC:\nburn/include -IC:\nburn/MOD5441X/include -IC:\nburn/gcc-m68k/m68k-elf/include -IC:\Users\IRL\Desktop\Tanmay_GitRepo\Netburner_Codes\Sensor_Interface_Board -gdwarf-2 -Wall -Wno-write-strings -c -fmessage-length=0 -fno-rtti -fno-exceptions -mcpu=5206e -DMOD5441X -DMCF5441X -o Sensor_Interface_Board_v7.o ..\Sensor_Interface_Board_v7.cpp
m68k-elf-g++ Sensor_Interface_Board_v7.o SIB_initPINS.o SIB_SendtoNAVCOMP.o Ranging_Radio.o Laser_rangefinder.o -Wl,-Map=Sensor_Interface_Board.map -mcpu=5206e -Wl -Wl,-n -TC:\nburn/MOD5441X/lib/MOD5441X.ld -Wl,-RC:\nburn/MOD5441X/lib/sys.ld -Wl,--start-group,C:\nburn/lib/MOD5441X.a C:\nburn/lib/NetBurner.a C:\nburn/lib/FatFile.a C:\nburn\lib\debugLibrary.a C:\nburn\lib\Lua_Full.a -Wl,--end-group -oSensor_Interface_Board.elf
m68k-elf-objcopy Sensor_Interface_Board.elf --strip-all --output-target=srec Sensor_Interface_Board.s19
compcode Sensor_Interface_Board.s19 Sensor_Interface_Board_APP.s19 -R 0xC0040000 0xC2000000 -PMOD5441X
Block starts at 40000400 
Block ends at 4002cd64 
Block size= 178K
Execution starts at 40000400 
compressed 182628 bytes into 109291 bytes
Code CheckSum= 8538a20b
Struct CheckSum= 3d1833f4
S records output with a base address of c0040000
S records output with a final address of c005ab03
About to write S7...
******************************Build summary ******************************
Used 109315 bytes of 33292288 available flash (0.33%)
Used 663720 bytes of 67108095 available ram (0.99%)
NNDK release tag version:2.6.4
Build complete for project Sensor_Interface_Board
Time consumed: 889  ms.  

**** Build of configuration Release for project Sensor_Interface_Board ****

**** Internal Builder is used for build               ****
m68k-elf-g++ -O2 -falign-functions=4 -IC:\nburn/include -IC:\nburn/MOD5441X/include -IC:\nburn/gcc-m68k/m68k-elf/include -IC:\Users\IRL\Desktop\Tanmay_GitRepo\Netburner_Codes\Sensor_Interface_Board -gdwarf-2 -Wall -Wno-write-strings -c -fmessage-length=0 -fno-rtti -fno-exceptions -mcpu=5206e -DMOD5441X -DMCF5441X -o Sensor_Interface_Board_v7.o ..\Sensor_Interface_Board_v7.cpp
..\Sensor_Interface_Board_v7.cpp: In function 'void NAVcompData(void*)':
..\Sensor_Interface_Board_v7.cpp:204: error: 'fdLaser' was not declared in this scope
..\Sensor_Interface_Board_v7.cpp:95: warning: unused variable 'sum'
..\Sensor_Interface_Board_v7.cpp:96: warning: unused variable 'checksum'
Build error occurred, build is stopped
Time consumed: 263  ms.  

**** Build of configuration Release for project Sensor_Interface_Board ****

**** Internal Builder is used for build               ****
m68k-elf-g++ -O2 -falign-functions=4 -IC:\nburn/include -IC:\nburn/MOD5441X/include -IC:\nburn/gcc-m68k/m68k-elf/include -IC:\Users\IRL\Desktop\Tanmay_GitRepo\Netburner_Codes\Sensor_Interface_Board -gdwarf-2 -Wall -Wno-write-strings -c -fmessage-length=0 -fno-rtti -fno-exceptions -mcpu=5206e -DMOD5441X -DMCF5441X -o Sensor_Interface_Board_v7.o ..\Sensor_Interface_Board_v7.cpp
..\Sensor_Interface_Board_v7.cpp: In function 'void NAVcompData(void*)':
..\Sensor_Interface_Board_v7.cpp:207: error: 'fdLaser' was not declared in this scope
..\Sensor_Interface_Board_v7.cpp:98: warning: unused variable 'sum'
..\Sensor_Interface_Board_v7.cpp:99: warning: unused variable 'checksum'
Build error occurred, build is stopped
Time consumed: 260  ms.  

**** Build of configuration Release for project Sensor_Interface_Board ****

**** Internal Builder is used for build               ****
m68k-elf-g++ -O2 -falign-functions=4 -IC:\nburn/include -IC:\nburn/MOD5441X/include -IC:\nburn/gcc-m68k/m68k-elf/include -IC:\Users\IRL\Desktop\Tanmay_GitRepo\Netburner_Codes\Sensor_Interface_Board -gdwarf-2 -Wall -Wno-write-strings -c -fmessage-length=0 -fno-rtti -fno-exceptions -mcpu=5206e -DMOD5441X -DMCF5441X -o Sensor_Interface_Board_v7.o ..\Sensor_Interface_Board_v7.cpp
..\Sensor_Interface_Board_v7.cpp: In function 'void NAVcompData(void*)':
..\Sensor_Interface_Board_v7.cpp:207: error: 'fdLaser' was not declared in this scope
Build error occurred, build is stopped
Time consumed: 257  ms.  

**** Build of configuration Release for project Sensor_Interface_Board ****

**** Internal Builder is used for build               ****
m68k-elf-g++ -O2 -falign-functions=4 -IC:\nburn/include -IC:\nburn/MOD5441X/include -IC:\nburn/gcc-m68k/m68k-elf/include -IC:\Users\IRL\Desktop\Tanmay_GitRepo\Netburner_Codes\Sensor_Interface_Board -gdwarf-2 -Wall -Wno-write-strings -c -fmessage-length=0 -fno-rtti -fno-exceptions -mcpu=5206e -DMOD5441X -DMCF5441X -o Sensor_Interface_Board_v7.o ..\Sensor_Interface_Board_v7.cpp
m68k-elf-g++ Sensor_Interface_Board_v7.o SIB_initPINS.o SIB_SendtoNAVCOMP.o Ranging_Radio.o Laser_rangefinder.o -Wl,-Map=Sensor_Interface_Board.map -mcpu=5206e -Wl -Wl,-n -TC:\nburn/MOD5441X/lib/MOD5441X.ld -Wl,-RC:\nburn/MOD5441X/lib/sys.ld -Wl,--start-group,C:\nburn/lib/MOD5441X.a C:\nburn/lib/NetBurner.a C:\nburn/lib/FatFile.a C:\nburn\lib\debugLibrary.a C:\nburn\lib\Lua_Full.a -Wl,--end-group -oSensor_Interface_Board.elf
m68k-elf-objcopy Sensor_Interface_Board.elf --strip-all --output-target=srec Sensor_Interface_Board.s19
compcode Sensor_Interface_Board.s19 Sensor_Interface_Board_APP.s19 -R 0xC0040000 0xC2000000 -PMOD5441X
Block starts at 40000400 
Block ends at 4002cdc4 
Block size= 178K
Execution starts at 40000400 
compressed 182724 bytes into 109425 bytes
Code CheckSum= 670aa90
Struct CheckSum= bbe02a89
S records output with a base address of c0040000
S records output with a final address of c005ab89
About to write S7...
******************************Build summary ******************************
Used 109449 bytes of 33292288 available flash (0.33%)
Used 663816 bytes of 67108095 available ram (0.99%)
NNDK release tag version:2.6.4
Build complete for project Sensor_Interface_Board
Time consumed: 935  ms.  

**** Build of configuration Release for project Sensor_Interface_Board ****

**** Internal Builder is used for build               ****
m68k-elf-g++ -O2 -falign-functions=4 -IC:\nburn/include -IC:\nburn/MOD5441X/include -IC:\nburn/gcc-m68k/m68k-elf/include -IC:\Users\IRL\Desktop\Tanmay_GitRepo\Netburner_Codes\Sensor_Interface_Board -gdwarf-2 -Wall -Wno-write-strings -c -fmessage-length=0 -fno-rtti -fno-exceptions -mcpu=5206e -DMOD5441X -DMCF5441X -o Sensor_Interface_Board_v7.o ..\Sensor_Interface_Board_v7.cpp
m68k-elf-g++ Sensor_Interface_Board_v7.o SIB_initPINS.o SIB_SendtoNAVCOMP.o Ranging_Radio.o Laser_rangefinder.o -Wl,-Map=Sensor_Interface_Board.map -mcpu=5206e -Wl -Wl,-n -TC:\nburn/MOD5441X/lib/MOD5441X.ld -Wl,-RC:\nburn/MOD5441X/lib/sys.ld -Wl,--start-group,C:\nburn/lib/MOD5441X.a C:\nburn/lib/NetBurner.a C:\nburn/lib/FatFile.a C:\nburn\lib\debugLibrary.a C:\nburn\lib\Lua_Full.a -Wl,--end-group -oSensor_Interface_Board.elf
m68k-elf-objcopy Sensor_Interface_Board.elf --strip-all --output-target=srec Sensor_Interface_Board.s19
compcode Sensor_Interface_Board.s19 Sensor_Interface_Board_APP.s19 -R 0xC0040000 0xC2000000 -PMOD5441X
Block starts at 40000400 
Block ends at 4002cdd4 
Block size= 178K
Execution starts at 40000400 
compressed 182740 bytes into 109358 bytes
Code CheckSum= 957ce9ae
Struct CheckSum= 2cd3eb9e
S records output with a base address of c0040000
S records output with a final address of c005ab46
About to write S7...
******************************Build summary ******************************
Used 109382 bytes of 33292288 available flash (0.33%)
Used 663832 bytes of 67108095 available ram (0.99%)
NNDK release tag version:2.6.4
Build complete for project Sensor_Interface_Board
Time consumed: 934  ms.  

**** Build of configuration Release for project Sensor_Interface_Board ****

**** Internal Builder is used for build               ****
m68k-elf-g++ -O2 -falign-functions=4 -IC:\nburn/include -IC:\nburn/MOD5441X/include -IC:\nburn/gcc-m68k/m68k-elf/include -IC:\Users\IRL\Desktop\Tanmay_GitRepo\Netburner_Codes\Sensor_Interface_Board -gdwarf-2 -Wall -Wno-write-strings -c -fmessage-length=0 -fno-rtti -fno-exceptions -mcpu=5206e -DMOD5441X -DMCF5441X -o Sensor_Interface_Board_v7.o ..\Sensor_Interface_Board_v7.cpp
m68k-elf-g++ Sensor_Interface_Board_v7.o SIB_initPINS.o SIB_SendtoNAVCOMP.o Ranging_Radio.o Laser_rangefinder.o -Wl,-Map=Sensor_Interface_Board.map -mcpu=5206e -Wl -Wl,-n -TC:\nburn/MOD5441X/lib/MOD5441X.ld -Wl,-RC:\nburn/MOD5441X/lib/sys.ld -Wl,--start-group,C:\nburn/lib/MOD5441X.a C:\nburn/lib/NetBurner.a C:\nburn/lib/FatFile.a C:\nburn\lib\debugLibrary.a C:\nburn\lib\Lua_Full.a -Wl,--end-group -oSensor_Interface_Board.elf
m68k-elf-objcopy Sensor_Interface_Board.elf --strip-all --output-target=srec Sensor_Interface_Board.s19
compcode Sensor_Interface_Board.s19 Sensor_Interface_Board_APP.s19 -R 0xC0040000 0xC2000000 -PMOD5441X
Block starts at 40000400 
Block ends at 4002cdd4 
Block size= 178K
Execution starts at 40000400 
compressed 182740 bytes into 109358 bytes
Code CheckSum= 957ce9ae
Struct CheckSum= 2cd3eb9e
S records output with a base address of c0040000
S records output with a final address of c005ab46
About to write S7...
******************************Build summary ******************************
Used 109382 bytes of 33292288 available flash (0.33%)
Used 663832 bytes of 67108095 available ram (0.99%)
NNDK release tag version:2.6.4
Build complete for project Sensor_Interface_Board
Time consumed: 946  ms.  

**** Build of configuration Release for project Sensor_Interface_Board ****

**** Internal Builder is used for build               ****
m68k-elf-g++ -O2 -falign-functions=4 -IC:\nburn/include -IC:\nburn/MOD5441X/include -IC:\nburn/gcc-m68k/m68k-elf/include -IC:\Users\IRL\Desktop\Tanmay_GitRepo\Netburner_Codes\Sensor_Interface_Board -gdwarf-2 -Wall -Wno-write-strings -c -fmessage-length=0 -fno-rtti -fno-exceptions -mcpu=5206e -DMOD5441X -DMCF5441X -o Sensor_Interface_Board_v7.o ..\Sensor_Interface_Board_v7.cpp
m68k-elf-g++ -O2 -falign-functions=4 -IC:\nburn/include -IC:\nburn/MOD5441X/include -IC:\nburn/gcc-m68k/m68k-elf/include -IC:\Users\IRL\Desktop\Tanmay_GitRepo\Netburner_Codes\Sensor_Interface_Board -gdwarf-2 -Wall -Wno-write-strings -c -fmessage-length=0 -fno-rtti -fno-exceptions -mcpu=5206e -DMOD5441X -DMCF5441X -o Laser_rangefinder.o ..\Laser_rangefinder.cpp
..\Laser_rangefinder.cpp:23: error: expected identifier before '&' token
..\Laser_rangefinder.cpp:23: error: expected ',' or '...' before 'int'
..\Laser_rangefinder.cpp: In function 'int16_t StartUpLaserScan(int, int&)':
..\Laser_rangefinder.cpp:169: error: 'Scan_Status' was not declared in this scope
Build error occurred, build is stopped
Time consumed: 648  ms.  

**** Build of configuration Release for project Sensor_Interface_Board ****

**** Internal Builder is used for build               ****
m68k-elf-g++ -O2 -falign-functions=4 -IC:\nburn/include -IC:\nburn/MOD5441X/include -IC:\nburn/gcc-m68k/m68k-elf/include -IC:\Users\IRL\Desktop\Tanmay_GitRepo\Netburner_Codes\Sensor_Interface_Board -gdwarf-2 -Wall -Wno-write-strings -c -fmessage-length=0 -fno-rtti -fno-exceptions -mcpu=5206e -DMOD5441X -DMCF5441X -o Sensor_Interface_Board_v7.o ..\Sensor_Interface_Board_v7.cpp
..\Sensor_Interface_Board_v7.cpp: In function 'void UserMain(void*)':
..\Sensor_Interface_Board_v7.cpp:293: warning: unused variable 'Scan_Status'
m68k-elf-g++ -O2 -falign-functions=4 -IC:\nburn/include -IC:\nburn/MOD5441X/include -IC:\nburn/gcc-m68k/m68k-elf/include -IC:\Users\IRL\Desktop\Tanmay_GitRepo\Netburner_Codes\Sensor_Interface_Board -gdwarf-2 -Wall -Wno-write-strings -c -fmessage-length=0 -fno-rtti -fno-exceptions -mcpu=5206e -DMOD5441X -DMCF5441X -o Laser_rangefinder.o ..\Laser_rangefinder.cpp
..\Laser_rangefinder.cpp:23: error: expected identifier before '&' token
..\Laser_rangefinder.cpp:23: error: expected ',' or '...' before 'int'
..\Laser_rangefinder.cpp: In function 'int16_t StartUpLaserScan(int, int&)':
..\Laser_rangefinder.cpp:169: error: 'Scan_Status' was not declared in this scope
Build error occurred, build is stopped
Time consumed: 625  ms.  

**** Build of configuration Release for project Sensor_Interface_Board ****

**** Internal Builder is used for build               ****
m68k-elf-g++ -O2 -falign-functions=4 -IC:\nburn/include -IC:\nburn/MOD5441X/include -IC:\nburn/gcc-m68k/m68k-elf/include -IC:\Users\IRL\Desktop\Tanmay_GitRepo\Netburner_Codes\Sensor_Interface_Board -gdwarf-2 -Wall -Wno-write-strings -c -fmessage-length=0 -fno-rtti -fno-exceptions -mcpu=5206e -DMOD5441X -DMCF5441X -o Laser_rangefinder.o ..\Laser_rangefinder.cpp
..\Laser_rangefinder.cpp: In function 'int16_t StartUpLaserScan(int, uint8_t*)':
..\Laser_rangefinder.cpp:169: error: invalid conversion from 'int' to 'uint8_t*'
Build error occurred, build is stopped
Time consumed: 219  ms.  

**** Build of configuration Release for project Sensor_Interface_Board ****

**** Internal Builder is used for build               ****
m68k-elf-g++ -O2 -falign-functions=4 -IC:\nburn/include -IC:\nburn/MOD5441X/include -IC:\nburn/gcc-m68k/m68k-elf/include -IC:\Users\IRL\Desktop\Tanmay_GitRepo\Netburner_Codes\Sensor_Interface_Board -gdwarf-2 -Wall -Wno-write-strings -c -fmessage-length=0 -fno-rtti -fno-exceptions -mcpu=5206e -DMOD5441X -DMCF5441X -o Laser_rangefinder.o ..\Laser_rangefinder.cpp
m68k-elf-g++ Sensor_Interface_Board_v7.o SIB_initPINS.o SIB_SendtoNAVCOMP.o Ranging_Radio.o Laser_rangefinder.o -Wl,-Map=Sensor_Interface_Board.map -mcpu=5206e -Wl -Wl,-n -TC:\nburn/MOD5441X/lib/MOD5441X.ld -Wl,-RC:\nburn/MOD5441X/lib/sys.ld -Wl,--start-group,C:\nburn/lib/MOD5441X.a C:\nburn/lib/NetBurner.a C:\nburn/lib/FatFile.a C:\nburn\lib\debugLibrary.a C:\nburn\lib\Lua_Full.a -Wl,--end-group -oSensor_Interface_Board.elf
Sensor_Interface_Board_v7.o: In function `NAVcompData(void*)':
C:\Users\IRL\Desktop\Tanmay_GitRepo\Netburner_Codes\Sensor_Interface_Board\Release/..\Sensor_Interface_Board_v7.cpp:210: undefined reference to `StartUpLaserScan'
collect2: ld returned 1 exit status
Build error occurred, build is stopped
Time consumed: 593  ms.  

**** Build of configuration Release for project Sensor_Interface_Board ****

**** Internal Builder is used for build               ****
m68k-elf-g++ -O2 -falign-functions=4 -IC:\nburn/include -IC:\nburn/MOD5441X/include -IC:\nburn/gcc-m68k/m68k-elf/include -IC:\Users\IRL\Desktop\Tanmay_GitRepo\Netburner_Codes\Sensor_Interface_Board -gdwarf-2 -Wall -Wno-write-strings -c -fmessage-length=0 -fno-rtti -fno-exceptions -mcpu=5206e -DMOD5441X -DMCF5441X -o Laser_rangefinder.o ..\Laser_rangefinder.cpp
m68k-elf-g++ -O2 -falign-functions=4 -IC:\nburn/include -IC:\nburn/MOD5441X/include -IC:\nburn/gcc-m68k/m68k-elf/include -IC:\Users\IRL\Desktop\Tanmay_GitRepo\Netburner_Codes\Sensor_Interface_Board -gdwarf-2 -Wall -Wno-write-strings -c -fmessage-length=0 -fno-rtti -fno-exceptions -mcpu=5206e -DMOD5441X -DMCF5441X -o Sensor_Interface_Board_v7.o ..\Sensor_Interface_Board_v7.cpp
..\/Laser_rangefinder.h: In function 'void NAVcompData(void*)':
..\/Laser_rangefinder.h:19: error: too few arguments to function 'int16_t StartUpLaserScan(int, uint8_t*)'
..\Sensor_Interface_Board_v7.cpp:210: error: at this point in file
..\Sensor_Interface_Board_v7.cpp: In function 'void UserMain(void*)':
..\Sensor_Interface_Board_v7.cpp:293: warning: unused variable 'Scan_Status'
Build error occurred, build is stopped
Time consumed: 515  ms.  

**** Build of configuration Release for project Sensor_Interface_Board ****

**** Internal Builder is used for build               ****
m68k-elf-g++ -O2 -falign-functions=4 -IC:\nburn/include -IC:\nburn/MOD5441X/include -IC:\nburn/gcc-m68k/m68k-elf/include -IC:\Users\IRL\Desktop\Tanmay_GitRepo\Netburner_Codes\Sensor_Interface_Board -gdwarf-2 -Wall -Wno-write-strings -c -fmessage-length=0 -fno-rtti -fno-exceptions -mcpu=5206e -DMOD5441X -DMCF5441X -o Sensor_Interface_Board_v7.o ..\Sensor_Interface_Board_v7.cpp
m68k-elf-g++ Sensor_Interface_Board_v7.o SIB_initPINS.o SIB_SendtoNAVCOMP.o Ranging_Radio.o Laser_rangefinder.o -Wl,-Map=Sensor_Interface_Board.map -mcpu=5206e -Wl -Wl,-n -TC:\nburn/MOD5441X/lib/MOD5441X.ld -Wl,-RC:\nburn/MOD5441X/lib/sys.ld -Wl,--start-group,C:\nburn/lib/MOD5441X.a C:\nburn/lib/NetBurner.a C:\nburn/lib/FatFile.a C:\nburn\lib\debugLibrary.a C:\nburn\lib\Lua_Full.a -Wl,--end-group -oSensor_Interface_Board.elf
m68k-elf-objcopy Sensor_Interface_Board.elf --strip-all --output-target=srec Sensor_Interface_Board.s19
compcode Sensor_Interface_Board.s19 Sensor_Interface_Board_APP.s19 -R 0xC0040000 0xC2000000 -PMOD5441X
Block starts at 40000400 
Block ends at 4002cdf4 
Block size= 178K
Execution starts at 40000400 
compressed 182772 bytes into 109469 bytes
Code CheckSum= 3f7114dd
Struct CheckSum= 82dfbfe0
S records output with a base address of c0040000
S records output with a final address of c005abb5
About to write S7...
******************************Build summary ******************************
Used 109493 bytes of 33292288 available flash (0.33%)
Used 663880 bytes of 67108095 available ram (0.99%)
NNDK release tag version:2.6.4
Build complete for project Sensor_Interface_Board
Time consumed: 922  ms.  

**** Build of configuration Release for project Sensor_Interface_Board ****

**** Internal Builder is used for build               ****
m68k-elf-g++ -O2 -falign-functions=4 -IC:\nburn/include -IC:\nburn/MOD5441X/include -IC:\nburn/gcc-m68k/m68k-elf/include -IC:\Users\IRL\Desktop\Tanmay_GitRepo\Netburner_Codes\Sensor_Interface_Board -gdwarf-2 -Wall -Wno-write-strings -c -fmessage-length=0 -fno-rtti -fno-exceptions -mcpu=5206e -DMOD5441X -DMCF5441X -o Sensor_Interface_Board_v7.o ..\Sensor_Interface_Board_v7.cpp
m68k-elf-g++ Sensor_Interface_Board_v7.o SIB_initPINS.o SIB_SendtoNAVCOMP.o Ranging_Radio.o Laser_rangefinder.o -Wl,-Map=Sensor_Interface_Board.map -mcpu=5206e -Wl -Wl,-n -TC:\nburn/MOD5441X/lib/MOD5441X.ld -Wl,-RC:\nburn/MOD5441X/lib/sys.ld -Wl,--start-group,C:\nburn/lib/MOD5441X.a C:\nburn/lib/NetBurner.a C:\nburn/lib/FatFile.a C:\nburn\lib\debugLibrary.a C:\nburn\lib\Lua_Full.a -Wl,--end-group -oSensor_Interface_Board.elf
m68k-elf-objcopy Sensor_Interface_Board.elf --strip-all --output-target=srec Sensor_Interface_Board.s19
compcode Sensor_Interface_Board.s19 Sensor_Interface_Board_APP.s19 -R 0xC0040000 0xC2000000 -PMOD5441X
Block starts at 40000400 
Block ends at 4002ce04 
Block size= 178K
Execution starts at 40000400 
compressed 182788 bytes into 109455 bytes
Code CheckSum= f7a08344
Struct CheckSum= cab05177
S records output with a base address of c0040000
S records output with a final address of c005aba7
About to write S7...
******************************Build summary ******************************
Used 109479 bytes of 33292288 available flash (0.33%)
Used 663896 bytes of 67108095 available ram (0.99%)
NNDK release tag version:2.6.4
Build complete for project Sensor_Interface_Board
Time consumed: 985  ms.  

**** Build of configuration Release for project Sensor_Interface_Board ****

**** Internal Builder is used for build               ****
m68k-elf-g++ -O2 -falign-functions=4 -IC:\nburn/include -IC:\nburn/MOD5441X/include -IC:\nburn/gcc-m68k/m68k-elf/include -IC:\Users\IRL\Desktop\Tanmay_GitRepo\Netburner_Codes\Sensor_Interface_Board -gdwarf-2 -Wall -Wno-write-strings -c -fmessage-length=0 -fno-rtti -fno-exceptions -mcpu=5206e -DMOD5441X -DMCF5441X -o Sensor_Interface_Board_v7.o ..\Sensor_Interface_Board_v7.cpp
m68k-elf-g++ -O2 -falign-functions=4 -IC:\nburn/include -IC:\nburn/MOD5441X/include -IC:\nburn/gcc-m68k/m68k-elf/include -IC:\Users\IRL\Desktop\Tanmay_GitRepo\Netburner_Codes\Sensor_Interface_Board -gdwarf-2 -Wall -Wno-write-strings -c -fmessage-length=0 -fno-rtti -fno-exceptions -mcpu=5206e -DMOD5441X -DMCF5441X -o Laser_rangefinder.o ..\Laser_rangefinder.cpp
m68k-elf-g++ Sensor_Interface_Board_v7.o SIB_initPINS.o SIB_SendtoNAVCOMP.o Ranging_Radio.o Laser_rangefinder.o -Wl,-Map=Sensor_Interface_Board.map -mcpu=5206e -Wl -Wl,-n -TC:\nburn/MOD5441X/lib/MOD5441X.ld -Wl,-RC:\nburn/MOD5441X/lib/sys.ld -Wl,--start-group,C:\nburn/lib/MOD5441X.a C:\nburn/lib/NetBurner.a C:\nburn/lib/FatFile.a C:\nburn\lib\debugLibrary.a C:\nburn\lib\Lua_Full.a -Wl,--end-group -oSensor_Interface_Board.elf
m68k-elf-objcopy Sensor_Interface_Board.elf --strip-all --output-target=srec Sensor_Interface_Board.s19
compcode Sensor_Interface_Board.s19 Sensor_Interface_Board_APP.s19 -R 0xC0040000 0xC2000000 -PMOD5441X
Block starts at 40000400 
Block ends at 4002cc14 
Block size= 178K
Execution starts at 40000400 
compressed 182292 bytes into 109111 bytes
Code CheckSum= 3ae186f0
Struct CheckSum= 876f5113
S records output with a base address of c0040000
S records output with a final address of c005aa4f
About to write S7...
******************************Build summary ******************************
Used 109135 bytes of 33292288 available flash (0.33%)
Used 663384 bytes of 67108095 available ram (0.99%)
NNDK release tag version:2.6.4
Build complete for project Sensor_Interface_Board
Time consumed: 1156  ms.  

**** Build of configuration Release for project Sensor_Interface_Board ****

**** Internal Builder is used for build               ****
m68k-elf-g++ -O2 -falign-functions=4 -IC:\nburn/include -IC:\nburn/MOD5441X/include -IC:\nburn/gcc-m68k/m68k-elf/include -IC:\Users\IRL\Desktop\Tanmay_GitRepo\Netburner_Codes\Sensor_Interface_Board -gdwarf-2 -Wall -Wno-write-strings -c -fmessage-length=0 -fno-rtti -fno-exceptions -mcpu=5206e -DMOD5441X -DMCF5441X -o Sensor_Interface_Board_v7.o ..\Sensor_Interface_Board_v7.cpp
m68k-elf-g++ Sensor_Interface_Board_v7.o SIB_initPINS.o SIB_SendtoNAVCOMP.o Ranging_Radio.o Laser_rangefinder.o -Wl,-Map=Sensor_Interface_Board.map -mcpu=5206e -Wl -Wl,-n -TC:\nburn/MOD5441X/lib/MOD5441X.ld -Wl,-RC:\nburn/MOD5441X/lib/sys.ld -Wl,--start-group,C:\nburn/lib/MOD5441X.a C:\nburn/lib/NetBurner.a C:\nburn/lib/FatFile.a C:\nburn\lib\debugLibrary.a C:\nburn\lib\Lua_Full.a -Wl,--end-group -oSensor_Interface_Board.elf
m68k-elf-objcopy Sensor_Interface_Board.elf --strip-all --output-target=srec Sensor_Interface_Board.s19
compcode Sensor_Interface_Board.s19 Sensor_Interface_Board_APP.s19 -R 0xC0040000 0xC2000000 -PMOD5441X
Block starts at 40000400 
Block ends at 4002ce84 
Block size= 178K
Execution starts at 40000400 
compressed 182916 bytes into 109412 bytes
Code CheckSum= c0c82e21
Struct CheckSum= 188a645
S records output with a base address of c0040000
S records output with a final address of c005ab7c
About to write S7...
******************************Build summary ******************************
Used 109436 bytes of 33292288 available flash (0.33%)
Used 664024 bytes of 67108095 available ram (0.99%)
NNDK release tag version:2.6.4
Build complete for project Sensor_Interface_Board
Time consumed: 1000  ms.  
