
**** Build of configuration Release for project Sensor_Interface_Board ****

**** Internal Builder is used for build               ****
m68k-elf-g++ -O2 -falign-functions=4 -IC:\nburn/include -IC:\nburn/MOD5441X/include -IC:\nburn/gcc-m68k/m68k-elf/include -IC:\Users\Tanmay\Desktop\Scott_Git\Netburner-WorkSpace\Sensor_Interface_Board -gdwarf-2 -Wall -Wno-write-strings -c -fmessage-length=0 -fno-rtti -fno-exceptions -mcpu=5206e -DMOD5441X -DMCF5441X -o Laser_rangefinder.o ..\Laser_rangefinder.cpp
m68k-elf-g++ -O2 -falign-functions=4 -IC:\nburn/include -IC:\nburn/MOD5441X/include -IC:\nburn/gcc-m68k/m68k-elf/include -IC:\Users\Tanmay\Desktop\Scott_Git\Netburner-WorkSpace\Sensor_Interface_Board -gdwarf-2 -Wall -Wno-write-strings -c -fmessage-length=0 -fno-rtti -fno-exceptions -mcpu=5206e -DMOD5441X -DMCF5441X -o Ranging_Radio.o ..\Ranging_Radio.cpp
m68k-elf-g++ -O2 -falign-functions=4 -IC:\nburn/include -IC:\nburn/MOD5441X/include -IC:\nburn/gcc-m68k/m68k-elf/include -IC:\Users\Tanmay\Desktop\Scott_Git\Netburner-WorkSpace\Sensor_Interface_Board -gdwarf-2 -Wall -Wno-write-strings -c -fmessage-length=0 -fno-rtti -fno-exceptions -mcpu=5206e -DMOD5441X -DMCF5441X -o SIB_SendtoNAVCOMP.o ..\SIB_SendtoNAVCOMP.cpp
m68k-elf-g++ -O2 -falign-functions=4 -IC:\nburn/include -IC:\nburn/MOD5441X/include -IC:\nburn/gcc-m68k/m68k-elf/include -IC:\Users\Tanmay\Desktop\Scott_Git\Netburner-WorkSpace\Sensor_Interface_Board -gdwarf-2 -Wall -Wno-write-strings -c -fmessage-length=0 -fno-rtti -fno-exceptions -mcpu=5206e -DMOD5441X -DMCF5441X -o Sensor_Interface_Board_v7.o ..\Sensor_Interface_Board_v7.cpp
m68k-elf-g++ -O2 -falign-functions=4 -IC:\nburn/include -IC:\nburn/MOD5441X/include -IC:\nburn/gcc-m68k/m68k-elf/include -IC:\Users\Tanmay\Desktop\Scott_Git\Netburner-WorkSpace\Sensor_Interface_Board -gdwarf-2 -Wall -Wno-write-strings -c -fmessage-length=0 -fno-rtti -fno-exceptions -mcpu=5206e -DMOD5441X -DMCF5441X -o SIB_initPINS.o ..\SIB_initPINS.cpp
m68k-elf-g++ Sensor_Interface_Board_v7.o SIB_initPINS.o SIB_SendtoNAVCOMP.o Ranging_Radio.o Laser_rangefinder.o -Wl,-Map=Sensor_Interface_Board.map -mcpu=5206e -Wl -Wl,-n -TC:\nburn/MOD5441X/lib/MOD5441X.ld -Wl,-RC:\nburn/MOD5441X/lib/sys.ld -Wl,--start-group,C:\nburn/lib/MOD5441X.a C:\nburn/lib/NetBurner.a C:\nburn/lib/FatFile.a C:\nburn\lib\debugLibrary.a C:\nburn\lib\Lua_Full.a -Wl,--end-group -oSensor_Interface_Board.elf
m68k-elf-objcopy Sensor_Interface_Board.elf --strip-all --output-target=srec Sensor_Interface_Board.s19
compcode Sensor_Interface_Board.s19 Sensor_Interface_Board_APP.s19 -R 0xC0040000 0xC2000000 -PMOD5441X
Block starts at 40000400 
Block ends at 4002c6c4 
Block size= 176K
Execution starts at 40000400 
compressed 180932 bytes into 108539 bytes
Code CheckSum= 7fa3afe1
Struct CheckSum= 42ad2fae
S records output with a base address of c0040000
S records output with a final address of c005a813
About to write S7...
******************************Build summary ******************************
Used 108563 bytes of 33292288 available flash (0.33%)
Used 662072 bytes of 67108095 available ram (0.99%)
NNDK release tag version:2.6.3
Build complete for project Sensor_Interface_Board
Time consumed: 3884  ms.  
