
**** Build of configuration Release for project Sensor_Interface_Board_v10 ****

**** Internal Builder is used for build               ****
m68k-elf-g++ -O2 -falign-functions=4 -IC:\nburn/include -IC:\nburn/MOD5441X/include -IC:\nburn/gcc-m68k/m68k-elf/include -IC:\Users\IRL\Desktop\Tanmay_GitRepo\Netburner_Codes\Sensor_Interface_Board_v10 -gdwarf-2 -Wall -Wno-write-strings -c -fmessage-length=0 -fno-rtti -fno-exceptions -mcpu=5206e -DMOD5441X -DMCF5441X -o SIB_SendtoNAVCOMP.o ..\SIB_SendtoNAVCOMP.cpp
m68k-elf-g++ -O2 -falign-functions=4 -IC:\nburn/include -IC:\nburn/MOD5441X/include -IC:\nburn/gcc-m68k/m68k-elf/include -IC:\Users\IRL\Desktop\Tanmay_GitRepo\Netburner_Codes\Sensor_Interface_Board_v10 -gdwarf-2 -Wall -Wno-write-strings -c -fmessage-length=0 -fno-rtti -fno-exceptions -mcpu=5206e -DMOD5441X -DMCF5441X -o Sensor_Interface_Board_v9.o ..\Sensor_Interface_Board_v9.cpp
..\Sensor_Interface_Board_v9.cpp: In function 'void UserMain(void*)':
..\Sensor_Interface_Board_v9.cpp:374: warning: unused variable 'm'
..\Sensor_Interface_Board_v9.cpp:379: warning: unused variable 'startup_timeout'
m68k-elf-g++ -O2 -falign-functions=4 -IC:\nburn/include -IC:\nburn/MOD5441X/include -IC:\nburn/gcc-m68k/m68k-elf/include -IC:\Users\IRL\Desktop\Tanmay_GitRepo\Netburner_Codes\Sensor_Interface_Board_v10 -gdwarf-2 -Wall -Wno-write-strings -c -fmessage-length=0 -fno-rtti -fno-exceptions -mcpu=5206e -DMOD5441X -DMCF5441X -o Laser_rangefinder.o ..\Laser_rangefinder.cpp
m68k-elf-g++ -O2 -falign-functions=4 -IC:\nburn/include -IC:\nburn/MOD5441X/include -IC:\nburn/gcc-m68k/m68k-elf/include -IC:\Users\IRL\Desktop\Tanmay_GitRepo\Netburner_Codes\Sensor_Interface_Board_v10 -gdwarf-2 -Wall -Wno-write-strings -c -fmessage-length=0 -fno-rtti -fno-exceptions -mcpu=5206e -DMOD5441X -DMCF5441X -o Ranging_Radio.o ..\Ranging_Radio.cpp
m68k-elf-g++ -O2 -falign-functions=4 -IC:\nburn/include -IC:\nburn/MOD5441X/include -IC:\nburn/gcc-m68k/m68k-elf/include -IC:\Users\IRL\Desktop\Tanmay_GitRepo\Netburner_Codes\Sensor_Interface_Board_v10 -gdwarf-2 -Wall -Wno-write-strings -c -fmessage-length=0 -fno-rtti -fno-exceptions -mcpu=5206e -DMOD5441X -DMCF5441X -o SIB_initPINS.o ..\SIB_initPINS.cpp
m68k-elf-g++ Sensor_Interface_Board_v9.o SIB_initPINS.o SIB_SendtoNAVCOMP.o Ranging_Radio.o Laser_rangefinder.o -Wl,-Map=Sensor_Interface_Board_v10.map -mcpu=5206e -Wl -Wl,-n -TC:\nburn/MOD5441X/lib/MOD5441X.ld -Wl,-RC:\nburn/MOD5441X/lib/sys.ld -Wl,--start-group,C:\nburn/lib/MOD5441X.a C:\nburn/lib/NetBurner.a C:\nburn/lib/FatFile.a C:\nburn\lib\debugLibrary.a C:\nburn\lib\Lua_Full.a C:\nburn\lib\nb-libxively.a C:\nburn\lib\webclient.a -Wl,--end-group -oSensor_Interface_Board_v10.elf
m68k-elf-objcopy Sensor_Interface_Board_v10.elf --strip-all --output-target=srec Sensor_Interface_Board_v10.s19
compcode Sensor_Interface_Board_v10.s19 Sensor_Interface_Board_v10_APP.s19 -R 0xC0040000 0xC2000000 -PMOD5441X
Block starts at 40000400 
Block ends at 4002bb04 
Block size= 173K
Execution starts at 40000400 
compressed 177924 bytes into 106234 bytes
Code CheckSum= 2631dd18
Struct CheckSum= 9c1f1738
S records output with a base address of c0040000
S records output with a final address of c0059f12
About to write S7...
******************************Build summary ******************************
Used 106258 bytes of 33292288 available flash (0.32%)
Used 667416 bytes of 67108095 available ram (0.99%)
NNDK release tag version:2.6.6
Build complete for project Sensor_Interface_Board_v10
Time consumed: 4547  ms.  
